Pipe from 0 to 1 	 read: 5 write: 6 is created!
Pipe from 0 to 2 	 read: 7 write: 8 is created!
Pipe from 0 to 3 	 read: 9 write: 10 is created!
Pipe from 0 to 4 	 read: 11 write: 12 is created!
Pipe from 0 to 5 	 read: 13 write: 14 is created!
Pipe from 1 to 0 	 read: 15 write: 16 is created!
Pipe from 1 to 2 	 read: 17 write: 18 is created!
Pipe from 1 to 3 	 read: 19 write: 20 is created!
Pipe from 1 to 4 	 read: 21 write: 22 is created!
Pipe from 1 to 5 	 read: 23 write: 24 is created!
Pipe from 2 to 0 	 read: 25 write: 26 is created!
Pipe from 2 to 1 	 read: 27 write: 28 is created!
Pipe from 2 to 3 	 read: 29 write: 30 is created!
Pipe from 2 to 4 	 read: 31 write: 32 is created!
Pipe from 2 to 5 	 read: 33 write: 34 is created!
Pipe from 3 to 0 	 read: 35 write: 36 is created!
Pipe from 3 to 1 	 read: 37 write: 38 is created!
Pipe from 3 to 2 	 read: 39 write: 40 is created!
Pipe from 3 to 4 	 read: 41 write: 42 is created!
Pipe from 3 to 5 	 read: 44 write: 45 is created!
Pipe from 4 to 0 	 read: 46 write: 47 is created!
Pipe from 4 to 1 	 read: 48 write: 49 is created!
Pipe from 4 to 2 	 read: 50 write: 51 is created!
Pipe from 4 to 3 	 read: 52 write: 53 is created!
Pipe from 4 to 5 	 read: 54 write: 55 is created!
Pipe from 5 to 0 	 read: 56 write: 57 is created!
Pipe from 5 to 1 	 read: 58 write: 59 is created!
Pipe from 5 to 2 	 read: 60 write: 61 is created!
Pipe from 5 to 3 	 read: 62 write: 63 is created!
Pipe from 5 to 4 	 read: 64 write: 65 is created!
Close not usable PIPE BY PROC: 1 	 from 0 to 2
Close not usable PIPE BY PROC: 1 	 from 0 to 3
Close not usable PIPE BY PROC: 1 	 from 0 to 4
Close not usable PIPE BY PROC: 1 	 from 0 to 5
Close not usable PIPE BY PROC: 1 	 from 2 to 0
Close not usable PIPE BY PROC: 1 	 from 2 to 3
Close not usable PIPE BY PROC: 1 	 from 2 to 4
Close not usable PIPE BY PROC: 1 	 from 2 to 5
Close not usable PIPE BY PROC: 1 	 from 3 to 0
Close not usable PIPE BY PROC: 1 	 from 3 to 2
Close not usable PIPE BY PROC: 1 	 from 3 to 4
Close not usable PIPE BY PROC: 1 	 from 3 to 5
Close not usable PIPE BY PROC: 1 	 from 4 to 0
Close not usable PIPE BY PROC: 1 	 from 4 to 2
Close not usable PIPE BY PROC: 1 	 from 4 to 3
Close not usable PIPE BY PROC: 1 	 from 4 to 5
Close not usable PIPE BY PROC: 1 	 from 5 to 0
Close not usable PIPE BY PROC: 1 	 from 5 to 2
Close not usable PIPE BY PROC: 1 	 from 5 to 3
Close not usable PIPE BY PROC: 1 	 from 5 to 4
Close not usable PIPE BY PROC: 2 	 from 0 to 1
Close not usable PIPE BY PROC: 2 	 from 0 to 3
Close not usable PIPE BY PROC: 2 	 from 0 to 4
Close not usable PIPE BY PROC: 2 	 from 0 to 5
Close not usable PIPE BY PROC: 2 	 from 1 to 0
Close not usable PIPE BY PROC: 2 	 from 1 to 3
Close not usable PIPE BY PROC: 2 	 from 1 to 4
Close not usable PIPE BY PROC: 2 	 from 1 to 5
Close not usable PIPE BY PROC: 2 	 from 3 to 0
Close not usable PIPE BY PROC: 2 	 from 3 to 1
Close not usable PIPE BY PROC: 2 	 from 3 to 4
Close not usable PIPE BY PROC: 2 	 from 3 to 5
Close not usable PIPE BY PROC: 2 	 from 4 to 0
Close not usable PIPE BY PROC: 2 	 from 4 to 1
Close not usable PIPE BY PROC: 2 	 from 4 to 3
Close not usable PIPE BY PROC: 2 	 from 4 to 5
Close not usable PIPE BY PROC: 2 	 from 5 to 0
Close not usable PIPE BY PROC: 2 	 from 5 to 1
Close not usable PIPE BY PROC: 2 	 from 5 to 3
Close not usable PIPE BY PROC: 2 	 from 5 to 4
Close not usable PIPE BY PROC: 3 	 from 0 to 1
Close not usable PIPE BY PROC: 3 	 from 0 to 2
Close not usable PIPE BY PROC: 3 	 from 0 to 4
Close not usable PIPE BY PROC: 3 	 from 0 to 5
Close not usable PIPE BY PROC: 3 	 from 1 to 0
Close not usable PIPE BY PROC: 3 	 from 1 to 2
Close not usable PIPE BY PROC: 3 	 from 1 to 4
Close not usable PIPE BY PROC: 3 	 from 1 to 5
Close not usable PIPE BY PROC: 3 	 from 2 to 0
Close not usable PIPE BY PROC: 3 	 from 2 to 1
Close not usable PIPE BY PROC: 3 	 from 2 to 4
Close not usable PIPE BY PROC: 3 	 from 2 to 5
Close not usable PIPE BY PROC: 3 	 from 4 to 0
Close not usable PIPE BY PROC: 3 	 from 4 to 1
Close not usable PIPE BY PROC: 3 	 from 4 to 2
Close not usable PIPE BY PROC: 3 	 from 4 to 5
Close not usable PIPE BY PROC: 3 	 from 5 to 0
Close not usable PIPE BY PROC: 3 	 from 5 to 1
Close not usable PIPE BY PROC: 3 	 from 5 to 2
Close not usable PIPE BY PROC: 3 	 from 5 to 4
Close not usable PIPE BY PROC: 0 	 from 1 to 2
Close not usable PIPE BY PROC: 0 	 from 1 to 3
Close not usable PIPE BY PROC: 0 	 from 1 to 4
Close not usable PIPE BY PROC: 0 	 from 1 to 5
Close not usable PIPE BY PROC: 0 	 from 2 to 1
Close not usable PIPE BY PROC: 0 	 from 2 to 3
Close not usable PIPE BY PROC: 0 	 from 2 to 4
Close not usable PIPE BY PROC: 0 	 from 2 to 5
Close not usable PIPE BY PROC: 0 	 from 3 to 1
Close not usable PIPE BY PROC: 0 	 from 3 to 2
Close not usable PIPE BY PROC: 0 	 from 3 to 4
Close not usable PIPE BY PROC: 0 	 from 3 to 5
Close not usable PIPE BY PROC: 0 	 from 4 to 1
Close not usable PIPE BY PROC: 0 	 from 4 to 2
Close not usable PIPE BY PROC: 0 	 from 4 to 3
Close not usable PIPE BY PROC: 0 	 from 4 to 5
Close not usable PIPE BY PROC: 0 	 from 5 to 1
Close not usable PIPE BY PROC: 0 	 from 5 to 2
Close not usable PIPE BY PROC: 0 	 from 5 to 3
Close not usable PIPE BY PROC: 0 	 from 5 to 4
Close not usable PIPE BY PROC: 4 	 from 0 to 1
Close not usable PIPE BY PROC: 4 	 from 0 to 2
Close not usable PIPE BY PROC: 4 	 from 0 to 3
Close not usable PIPE BY PROC: 4 	 from 0 to 5
Close not usable PIPE BY PROC: 4 	 from 1 to 0
Close not usable PIPE BY PROC: 4 	 from 1 to 2
Close not usable PIPE BY PROC: 4 	 from 1 to 3
Close not usable PIPE BY PROC: 4 	 from 1 to 5
Close not usable PIPE BY PROC: 4 	 from 2 to 0
Close not usable PIPE BY PROC: 4 	 from 2 to 1
Close not usable PIPE BY PROC: 4 	 from 2 to 3
Close not usable PIPE BY PROC: 4 	 from 2 to 5
Close not usable PIPE BY PROC: 4 	 from 3 to 0
Close not usable PIPE BY PROC: 4 	 from 3 to 1
Close not usable PIPE BY PROC: 4 	 from 3 to 2
Close not usable PIPE BY PROC: 4 	 from 3 to 5
Close not usable PIPE BY PROC: 4 	 from 5 to 0
Close not usable PIPE BY PROC: 4 	 from 5 to 1
Close not usable PIPE BY PROC: 4 	 from 5 to 2
Close not usable PIPE BY PROC: 4 	 from 5 to 3
Close not usable PIPE BY PROC: 5 	 from 0 to 1
Close not usable PIPE BY PROC: 5 	 from 0 to 2
Close not usable PIPE BY PROC: 5 	 from 0 to 3
Close not usable PIPE BY PROC: 5 	 from 0 to 4
Close not usable PIPE BY PROC: 5 	 from 1 to 0
Close not usable PIPE BY PROC: 5 	 from 1 to 2
Close not usable PIPE BY PROC: 5 	 from 1 to 3
Close not usable PIPE BY PROC: 5 	 from 1 to 4
Close not usable PIPE BY PROC: 5 	 from 2 to 0
Close not usable PIPE BY PROC: 5 	 from 2 to 1
Close not usable PIPE BY PROC: 5 	 from 2 to 3
Close not usable PIPE BY PROC: 5 	 from 2 to 4
Close not usable PIPE BY PROC: 5 	 from 3 to 0
Close not usable PIPE BY PROC: 5 	 from 3 to 1
Close not usable PIPE BY PROC: 5 	 from 3 to 2
Close not usable PIPE BY PROC: 5 	 from 3 to 4
Close not usable PIPE BY PROC: 5 	 from 4 to 0
Close not usable PIPE BY PROC: 5 	 from 4 to 1
Close not usable PIPE BY PROC: 5 	 from 4 to 2
Close not usable PIPE BY PROC: 5 	 from 4 to 3
Pipe 1 -> 0 	 Process 0 got msg: 1: process 1 (pid  7953, parent  7952) has STARTED with balance $ 0
Pipe 2 -> 0 	 Process 0 got msg: 1: process 2 (pid  7954, parent  7952) has STARTED with balance $ 0
Pipe 3 -> 0 	 Process 0 got msg: 1: process 3 (pid  7955, parent  7952) has STARTED with balance $ 0
Pipe 4 -> 0 	 Process 0 got msg: 1: process 4 (pid  7956, parent  7952) has STARTED with balance $ 0
Pipe 5 -> 0 	 Process 0 got msg: 1: process 5 (pid  7957, parent  7952) has STARTED with balance $ 0
Pipe 1 -> 3 	 Process 3 got msg: 1: process 1 (pid  7953, parent  7952) has STARTED with balance $ 0
Pipe 1 -> 4 	 Process 4 got msg: 1: process 1 (pid  7953, parent  7952) has STARTED with balance $ 0
Pipe 2 -> 3 	 Process 3 got msg: 1: process 2 (pid  7954, parent  7952) has STARTED with balance $ 0
Pipe 2 -> 4 	 Process 4 got msg: 1: process 2 (pid  7954, parent  7952) has STARTED with balance $ 0
Pipe 4 -> 3 	 Process 3 got msg: 1: process 4 (pid  7956, parent  7952) has STARTED with balance $ 0
Pipe 3 -> 4 	 Process 4 got msg: 1: process 3 (pid  7955, parent  7952) has STARTED with balance $ 0
Pipe 1 -> 2 	 Process 2 got msg: 1: process 1 (pid  7953, parent  7952) has STARTED with balance $ 0
Pipe 1 -> 5 	 Process 5 got msg: 1: process 1 (pid  7953, parent  7952) has STARTED with balance $ 0
Pipe 2 -> 1 	 Process 1 got msg: 1: process 2 (pid  7954, parent  7952) has STARTED with balance $ 0
Pipe 5 -> 3 	 Process 3 got msg: 1: process 5 (pid  7957, parent  7952) has STARTED with balance $ 0
Pipe 5 -> 4 	 Process 4 got msg: 1: process 5 (pid  7957, parent  7952) has STARTED with balance $ 0
Pipe 3 -> 2 	 Process 2 got msg: 1: process 3 (pid  7955, parent  7952) has STARTED with balance $ 0
Pipe 2 -> 5 	 Process 5 got msg: 1: process 2 (pid  7954, parent  7952) has STARTED with balance $ 0
Pipe 3 -> 1 	 Process 1 got msg: 1: process 3 (pid  7955, parent  7952) has STARTED with balance $ 0
Pipe 4 -> 2 	 Process 2 got msg: 1: process 4 (pid  7956, parent  7952) has STARTED with balance $ 0
Pipe 3 -> 5 	 Process 5 got msg: 1: process 3 (pid  7955, parent  7952) has STARTED with balance $ 0
Pipe 4 -> 1 	 Process 1 got msg: 1: process 4 (pid  7956, parent  7952) has STARTED with balance $ 0
Pipe 5 -> 2 	 Process 2 got msg: 1: process 5 (pid  7957, parent  7952) has STARTED with balance $ 0
Pipe 5 -> 1 	 Process 1 got msg: 1: process 5 (pid  7957, parent  7952) has STARTED with balance $ 0
Pipe 4 -> 5 	 Process 5 got msg: 1: process 4 (pid  7956, parent  7952) has STARTED with balance $ 0
Pipe 2 -> 1 	 Process 1 got msg: 29: process 2 has DONE with balance $ 0
Pipe 3 -> 1 	 Process 1 got msg: 29: process 3 has DONE with balance $ 0
Pipe 4 -> 1 	 Process 1 got msg: 29: process 4 has DONE with balance $ 0
Pipe 5 -> 1 	 Process 1 got msg: 28: process 5 has DONE with balance $ 0
Pipe 1 -> 2 	 Process 2 got msg: 29: process 1 has DONE with balance $ 0
Pipe 3 -> 2 	 Process 2 got msg: 29: process 3 has DONE with balance $ 0
Pipe 4 -> 2 	 Process 2 got msg: 29: process 4 has DONE with balance $ 0
Pipe 5 -> 2 	 Process 2 got msg: 28: process 5 has DONE with balance $ 0
Pipe 1 -> 3 	 Process 3 got msg: 29: process 1 has DONE with balance $ 0
Pipe 2 -> 3 	 Process 3 got msg: 29: process 2 has DONE with balance $ 0
Pipe 4 -> 3 	 Process 3 got msg: 29: process 4 has DONE with balance $ 0
Pipe 5 -> 3 	 Process 3 got msg: 28: process 5 has DONE with balance $ 0
Pipe 1 -> 4 	 Process 4 got msg: 29: process 1 has DONE with balance $ 0
Pipe 1 -> 5 	 Process 5 got msg: 29: process 1 has DONE with balance $ 0
Pipe 2 -> 4 	 Process 4 got msg: 29: process 2 has DONE with balance $ 0
Pipe 2 -> 5 	 Process 5 got msg: 29: process 2 has DONE with balance $ 0
Pipe 3 -> 4 	 Process 4 got msg: 29: process 3 has DONE with balance $ 0
Pipe 3 -> 5 	 Process 5 got msg: 29: process 3 has DONE with balance $ 0
Pipe 5 -> 4 	 Process 4 got msg: 28: process 5 has DONE with balance $ 0
Pipe 4 -> 5 	 Process 5 got msg: 29: process 4 has DONE with balance $ 0
Pipe 1 -> 0 	 Process 0 got msg: 29: process 1 has DONE with balance $ 0
Pipe 2 -> 0 	 Process 0 got msg: 29: process 2 has DONE with balance $ 0
Pipe 3 -> 0 	 Process 0 got msg: 29: process 3 has DONE with balance $ 0
Pipe 4 -> 0 	 Process 0 got msg: 29: process 4 has DONE with balance $ 0
Pipe 5 -> 0 	 Process 0 got msg: 28: process 5 has DONE with balance $ 0
Close usable PIPE BY PORC: 0 	 from 0 to 1
Close usable PIPE BY PORC: 0 	 from 0 to 2
Close usable PIPE BY PORC: 0 	 from 0 to 3
Close usable PIPE BY PORC: 0 	 from 0 to 4
Close usable PIPE BY PORC: 0 	 from 0 to 5
Close usable PIPE BY PORC: 0 	 from 1 to 0
Close usable PIPE BY PORC: 0 	 from 2 to 0
Close usable PIPE BY PORC: 0 	 from 3 to 0
Close usable PIPE BY PORC: 0 	 from 4 to 0
Close usable PIPE BY PORC: 0 	 from 5 to 0
