Pipe from 0 to 1 	 read: 5 write: 6 is created!
Pipe from 0 to 2 	 read: 7 write: 8 is created!
Pipe from 0 to 3 	 read: 9 write: 10 is created!
Pipe from 1 to 0 	 read: 11 write: 12 is created!
Pipe from 1 to 2 	 read: 13 write: 14 is created!
Pipe from 1 to 3 	 read: 15 write: 16 is created!
Pipe from 2 to 0 	 read: 17 write: 18 is created!
Pipe from 2 to 1 	 read: 19 write: 20 is created!
Pipe from 2 to 3 	 read: 21 write: 22 is created!
Pipe from 3 to 0 	 read: 23 write: 24 is created!
Pipe from 3 to 1 	 read: 25 write: 26 is created!
Pipe from 3 to 2 	 read: 27 write: 28 is created!
Close not usable PIPE BY PROC: 1 	 from 0 to 2
Close not usable PIPE BY PROC: 1 	 from 0 to 3
Close not usable PIPE BY PROC: 1 	 from 2 to 0
Close not usable PIPE BY PROC: 1 	 from 2 to 3
Close not usable PIPE BY PROC: 1 	 from 3 to 0
Close not usable PIPE BY PROC: 1 	 from 3 to 2
Close not usable PIPE BY PROC: 2 	 from 0 to 1
Close not usable PIPE BY PROC: 2 	 from 0 to 3
Close not usable PIPE BY PROC: 0 	 from 1 to 2
Close not usable PIPE BY PROC: 2 	 from 1 to 0
Close not usable PIPE BY PROC: 0 	 from 1 to 3
Close not usable PIPE BY PROC: 2 	 from 1 to 3
Close not usable PIPE BY PROC: 0 	 from 2 to 1
Close not usable PIPE BY PROC: 2 	 from 3 to 0
Close not usable PIPE BY PROC: 0 	 from 2 to 3
Close not usable PIPE BY PROC: 2 	 from 3 to 1
Close not usable PIPE BY PROC: 0 	 from 3 to 1
Close not usable PIPE BY PROC: 0 	 from 3 to 2
Close not usable PIPE BY PROC: 3 	 from 0 to 1
Close not usable PIPE BY PROC: 3 	 from 0 to 2
Close not usable PIPE BY PROC: 3 	 from 1 to 0
Close not usable PIPE BY PROC: 3 	 from 1 to 2
Close not usable PIPE BY PROC: 3 	 from 2 to 0
Close not usable PIPE BY PROC: 3 	 from 2 to 1
Pipe 1 -> 0 	 Process 0 got msg: 0: process 1 (pid 10456, parent 10455) has STARTED with balance $10
Pipe 2 -> 0 	 Process 0 got msg: 0: process 2 (pid 10457, parent 10455) has STARTED with balance $20
Pipe 3 -> 0 	 Process 0 got msg: 0: process 3 (pid 10458, parent 10455) has STARTED with balance $30
Pipe 2 -> 1 	 Process 1 got msg: 0: process 2 (pid 10457, parent 10455) has STARTED with balance $20
Pipe 3 -> 1 	 Process 1 got msg: 0: process 3 (pid 10458, parent 10455) has STARTED with balance $30
Pipe 1 -> 2 	 Process 2 got msg: 0: process 1 (pid 10456, parent 10455) has STARTED with balance $10
Pipe 1 -> 3 	 Process 3 got msg: 0: process 1 (pid 10456, parent 10455) has STARTED with balance $10
Pipe 3 -> 2 	 Process 2 got msg: 0: process 3 (pid 10458, parent 10455) has STARTED with balance $30
Pipe 2 -> 3 	 Process 3 got msg: 0: process 2 (pid 10457, parent 10455) has STARTED with balance $20
Pipe 2 -> 1 	 Process 1 got msg: 3: process 2 has DONE with balance $19
Pipe 3 -> 1 	 Process 1 got msg: 3: process 3 has DONE with balance $31
Pipe 1 -> 2 	 Process 2 got msg: 3: process 1 has DONE with balance $10
Pipe 3 -> 2 	 Process 2 got msg: 3: process 3 has DONE with balance $31
Pipe 1 -> 3 	 Process 3 got msg: 3: process 1 has DONE with balance $10
Pipe 2 -> 3 	 Process 3 got msg: 3: process 2 has DONE with balance $19
Pipe 1 -> 0 	 Process 0 got msg: 3: process 1 has DONE with balance $10
Pipe 2 -> 0 	 Process 0 got msg: 3: process 2 has DONE with balance $19
Pipe 3 -> 0 	 Process 0 got msg: 3: process 3 has DONE with balance $31
Close usable PIPE BY PORC: 0 	 from 0 to 1
Close usable PIPE BY PORC: 0 	 from 0 to 2
Close usable PIPE BY PORC: 0 	 from 0 to 3
Close usable PIPE BY PORC: 0 	 from 1 to 0
Close usable PIPE BY PORC: 0 	 from 2 to 0
Close usable PIPE BY PORC: 0 	 from 3 to 0
